<?xml version="1.0" encoding="UTF-8"?>
<!-- Generated by org.testng.reporters.JUnitXMLReporter -->
<testsuite ignored="0" hostname="VenkatSai" failures="0" tests="4" name="Default test" time="9.983" errors="0" timestamp="2025-04-10T15:30:00 IST">
  <testcase classname="SAITG.Ohrm" name="openApp" time="6.674"/>
  <testcase classname="SAITG.Ohrm" name="testLogo" time="3.04"/>
  <testcase classname="SAITG.Ohrm" name="testLogin" time="0.133"/>
  <testcase classname="SAITG.Ohrm" name="close" time="0.097"/>
</testsuite> <!-- Default test -->
