<?xml version="1.0" encoding="UTF-8"?>
<testng-results ignored="0" total="4" passed="4" failed="0" skipped="0">
  <reporter-output>
  </reporter-output>
  <suite started-at="2025-04-10T15:29:50 IST" name="Default suite" finished-at="2025-04-10T15:30:00 IST" duration-ms="9983">
    <groups>
    </groups>
    <test started-at="2025-04-10T15:29:50 IST" name="Default test" finished-at="2025-04-10T15:30:00 IST" duration-ms="9983">
      <class name="SAITG.Ohrm">
        <test-method signature="openApp()[pri:1, instance:SAITG.Ohrm@65fb9ffc]" started-at="2025-04-10T15:29:50 IST" name="openApp" finished-at="2025-04-10T15:29:57 IST" duration-ms="6674" status="PASS">
          <reporter-output>
          </reporter-output>
        </test-method> <!-- openApp -->
        <test-method signature="testLogo()[pri:2, instance:SAITG.Ohrm@65fb9ffc]" started-at="2025-04-10T15:29:57 IST" name="testLogo" finished-at="2025-04-10T15:30:00 IST" duration-ms="3040" status="PASS">
          <reporter-output>
          </reporter-output>
        </test-method> <!-- testLogo -->
        <test-method signature="testLogin()[pri:3, instance:SAITG.Ohrm@65fb9ffc]" started-at="2025-04-10T15:30:00 IST" name="testLogin" finished-at="2025-04-10T15:30:00 IST" duration-ms="133" status="PASS">
          <reporter-output>
          </reporter-output>
        </test-method> <!-- testLogin -->
        <test-method signature="close()[pri:4, instance:SAITG.Ohrm@65fb9ffc]" started-at="2025-04-10T15:30:00 IST" name="close" finished-at="2025-04-10T15:30:00 IST" duration-ms="97" status="PASS">
          <reporter-output>
          </reporter-output>
        </test-method> <!-- close -->
      </class> <!-- SAITG.Ohrm -->
    </test> <!-- Default test -->
  </suite> <!-- Default suite -->
</testng-results>
